```
features_te, target_te, features_tr, target_tr =  df_to_sparse_split(df_load("data_train.csv"),0.1)
best_error, best_std, best_rank, best_r0, best_r1, best_r2 = ALS_CV(features_tr, target_tr, features_te, target_te, num_iter = 40, std_init_vec=[0.01,0.05,0.1], rank_vec=[7,9], r0_reg_vec=[0.5, 2], r1_reg_vec=[0.5, 2],r2_reg_vec=[0.5, 2])
```
- Error =  1.00981  (for ALS with  40 iterations, std_init = 0.01 , k= 7 , r0_reg= 0.5 , r1_reg= 0.5 , r2_reg = 0.5 )
- Error =  0.999195  (for ALS with  40 iterations, std_init = 0.01 , k= 7 , r0_reg= 0.5 , r1_reg= 0.5 , r2_reg = 2 )
- Error =  1.00525  (for ALS with  40 iterations, std_init = 0.01 , k= 7 , r0_reg= 0.5 , r1_reg= 2 , r2_reg = 0.5 )
- Error =  0.997624  (for ALS with  40 iterations, std_init = 0.01 , k= 7 , r0_reg= 0.5 , r1_reg= 2 , r2_reg = 2 )
- Error =  1.00738  (for ALS with  40 iterations, std_init = 0.01 , k= 7 , r0_reg= 2 , r1_reg= 0.5 , r2_reg = 0.5 )
- Error =  0.999962  (for ALS with  40 iterations, std_init = 0.01 , k= 7 , r0_reg= 2 , r1_reg= 0.5 , r2_reg = 2 )
- Error =  1.00756  (for ALS with  40 iterations, std_init = 0.01 , k= 7 , r0_reg= 2 , r1_reg= 2 , r2_reg = 0.5 )
- Error =  0.997483  (for ALS with  40 iterations, std_init = 0.01 , k= 7 , r0_reg= 2 , r1_reg= 2 , r2_reg = 2 )
- Error =  1.02313  (for ALS with  40 iterations, std_init = 0.01 , k= 9 , r0_reg= 0.5 , r1_reg= 0.5 , r2_reg = 0.5 )
- Error =  1.00664  (for ALS with  40 iterations, std_init = 0.01 , k= 9 , r0_reg= 0.5 , r1_reg= 0.5 , r2_reg = 2 )
- Error =  1.02179  (for ALS with  40 iterations, std_init = 0.01 , k= 9 , r0_reg= 0.5 , r1_reg= 2 , r2_reg = 0.5 )
- Error =  1.00682  (for ALS with  40 iterations, std_init = 0.01 , k= 9 , r0_reg= 0.5 , r1_reg= 2 , r2_reg = 2 )
- Error =  1.02395  (for ALS with  40 iterations, std_init = 0.01 , k= 9 , r0_reg= 2 , r1_reg= 0.5 , r2_reg = 0.5 )
- Error =  1.00714  (for ALS with  40 iterations, std_init = 0.01 , k= 9 , r0_reg= 2 , r1_reg= 0.5 , r2_reg = 2 )
- Error =  1.02192  (for ALS with  40 iterations, std_init = 0.01 , k= 9 , r0_reg= 2 , r1_reg= 2 , r2_reg = 0.5 )
- Error =  1.00686  (for ALS with  40 iterations, std_init = 0.01 , k= 9 , r0_reg= 2 , r1_reg= 2 , r2_reg = 2 )
- Error =  1.01089  (for ALS with  40 iterations, std_init = 0.05 , k= 7 , r0_reg= 0.5 , r1_reg= 0.5 , r2_reg = 0.5 )
- Error =  1.00092  (for ALS with  40 iterations, std_init = 0.05 , k= 7 , r0_reg= 0.5 , r1_reg= 0.5 , r2_reg = 2 )
- Error =  1.0078  (for ALS with  40 iterations, std_init = 0.05 , k= 7 , r0_reg= 0.5 , r1_reg= 2 , r2_reg = 0.5 )
- Error =  0.998091  (for ALS with  40 iterations, std_init = 0.05 , k= 7 , r0_reg= 0.5 , r1_reg= 2 , r2_reg = 2 )
- Error =  1.00876  (for ALS with  40 iterations, std_init = 0.05 , k= 7 , r0_reg= 2 , r1_reg= 0.5 , r2_reg = 0.5 )
- Error =  1.00097  (for ALS with  40 iterations, std_init = 0.05 , k= 7 , r0_reg= 2 , r1_reg= 0.5 , r2_reg = 2 )
- Error =  1.00862  (for ALS with  40 iterations, std_init = 0.05 , k= 7 , r0_reg= 2 , r1_reg= 2 , r2_reg = 0.5 )
- Error =  0.997869  (for ALS with  40 iterations, std_init = 0.05 , k= 7 , r0_reg= 2 , r1_reg= 2 , r2_reg = 2 )
- Error =  1.02315  (for ALS with  40 iterations, std_init = 0.05 , k= 9 , r0_reg= 0.5 , r1_reg= 0.5 , r2_reg = 0.5 )
- Error =  1.00892  (for ALS with  40 iterations, std_init = 0.05 , k= 9 , r0_reg= 0.5 , r1_reg= 0.5 , r2_reg = 2 )
- Error =  1.02419  (for ALS with  40 iterations, std_init = 0.05 , k= 9 , r0_reg= 0.5 , r1_reg= 2 , r2_reg = 0.5 )
- Error =  1.00838  (for ALS with  40 iterations, std_init = 0.05 , k= 9 , r0_reg= 0.5 , r1_reg= 2 , r2_reg = 2 )
- Error =  1.02381  (for ALS with  40 iterations, std_init = 0.05 , k= 9 , r0_reg= 2 , r1_reg= 0.5 , r2_reg = 0.5 )
- Error =  1.00794  (for ALS with  40 iterations, std_init = 0.05 , k= 9 , r0_reg= 2 , r1_reg= 0.5 , r2_reg = 2 )
- Error =  1.02378  (for ALS with  40 iterations, std_init = 0.05 , k= 9 , r0_reg= 2 , r1_reg= 2 , r2_reg = 0.5 )
- Error =  1.00673  (for ALS with  40 iterations, std_init = 0.05 , k= 9 , r0_reg= 2 , r1_reg= 2 , r2_reg = 2 )
- Error =  1.00787  (for ALS with  40 iterations, std_init = 0.1 , k= 7 , r0_reg= 0.5 , r1_reg= 0.5 , r2_reg = 0.5 )
- Error =  0.998062  (for ALS with  40 iterations, std_init = 0.1 , k= 7 , r0_reg= 0.5 , r1_reg= 0.5 , r2_reg = 2 )
- Error =  1.01013  (for ALS with  40 iterations, std_init = 0.1 , k= 7 , r0_reg= 0.5 , r1_reg= 2 , r2_reg = 0.5 )
- Error =  0.997084  (for ALS with  40 iterations, std_init = 0.1 , k= 7 , r0_reg= 0.5 , r1_reg= 2 , r2_reg = 2 )
- Error =  1.0076  (for ALS with  40 iterations, std_init = 0.1 , k= 7 , r0_reg= 2 , r1_reg= 0.5 , r2_reg = 0.5 )
- Error =  1.00003  (for ALS with  40 iterations, std_init = 0.1 , k= 7 , r0_reg= 2 , r1_reg= 0.5 , r2_reg = 2 )
- Error =  1.00834  (for ALS with  40 iterations, std_init = 0.1 , k= 7 , r0_reg= 2 , r1_reg= 2 , r2_reg = 0.5 )
- Error =  0.999155  (for ALS with  40 iterations, std_init = 0.1 , k= 7 , r0_reg= 2 , r1_reg= 2 , r2_reg = 2 )
- Error =  1.02614  (for ALS with  40 iterations, std_init = 0.1 , k= 9 , r0_reg= 0.5 , r1_reg= 0.5 , r2_reg = 0.5 )
- Error =  1.00636  (for ALS with  40 iterations, std_init = 0.1 , k= 9 , r0_reg= 0.5 , r1_reg= 0.5 , r2_reg = 2 )
- Error =  1.02129  (for ALS with  40 iterations, std_init = 0.1 , k= 9 , r0_reg= 0.5 , r1_reg= 2 , r2_reg = 0.5 )
- Error =  1.00838  (for ALS with  40 iterations, std_init = 0.1 , k= 9 , r0_reg= 0.5 , r1_reg= 2 , r2_reg = 2 )
- Error =  1.02169  (for ALS with  40 iterations, std_init = 0.1 , k= 9 , r0_reg= 2 , r1_reg= 0.5 , r2_reg = 0.5 )
- Error =  1.00786  (for ALS with  40 iterations, std_init = 0.1 , k= 9 , r0_reg= 2 , r1_reg= 0.5 , r2_reg = 2 )
- Error =  1.02377  (for ALS with  40 iterations, std_init = 0.1 , k= 9 , r0_reg= 2 , r1_reg= 2 , r2_reg = 0.5 )
- Error =  1.00792  (for ALS with  40 iterations, std_init = 0.1 , k= 9 , r0_reg= 2 , r1_reg= 2 , r2_reg = 2 )

```
features_te, target_te, features_tr, target_tr =  df_to_sparse_split(df_load("data_train.csv"),0.1)
best_error, best_std, best_rank, best_r0, best_r1, best_r2 = ALS_CV(features_tr, target_tr, features_te, target_te,
        num_iter = 40, std_init_vec=[0.5,1], rank_vec=[7,8], r0_reg_vec=[0.5, 2], r1_reg_vec=[2,3],r2_reg_vec=[2,3])
```

Error =  0.996803  (for ALS with  40 iterations, std_init = 0.5 , k= 7 , r0_reg= 0.5 , r1_reg= 2 , r2_reg = 2 )
Error =  0.99382  (for ALS with  40 iterations, std_init = 0.5 , k= 7 , r0_reg= 0.5 , r1_reg= 2 , r2_reg = 3 )
Error =  0.997416  (for ALS with  40 iterations, std_init = 0.5 , k= 7 , r0_reg= 0.5 , r1_reg= 3 , r2_reg = 2 )
Error =  0.993506  (for ALS with  40 iterations, std_init = 0.5 , k= 7 , r0_reg= 0.5 , r1_reg= 3 , r2_reg = 3 )
Error =  0.995914  (for ALS with  40 iterations, std_init = 0.5 , k= 7 , r0_reg= 2 , r1_reg= 2 , r2_reg = 2 )
Error =  0.994186  (for ALS with  40 iterations, std_init = 0.5 , k= 7 , r0_reg= 2 , r1_reg= 2 , r2_reg = 3 )
Error =  0.995632  (for ALS with  40 iterations, std_init = 0.5 , k= 7 , r0_reg= 2 , r1_reg= 3 , r2_reg = 2 )
Error =  0.995811  (for ALS with  40 iterations, std_init = 0.5 , k= 7 , r0_reg= 2 , r1_reg= 3 , r2_reg = 3 )
Error =  1.00425  (for ALS with  40 iterations, std_init = 0.5 , k= 8 , r0_reg= 0.5 , r1_reg= 2 , r2_reg = 2 )
Error =  0.99763  (for ALS with  40 iterations, std_init = 0.5 , k= 8 , r0_reg= 0.5 , r1_reg= 2 , r2_reg = 3 )
Error =  1.00145  (for ALS with  40 iterations, std_init = 0.5 , k= 8 , r0_reg= 0.5 , r1_reg= 3 , r2_reg = 2 )
Error =  0.998631  (for ALS with  40 iterations, std_init = 0.5 , k= 8 , r0_reg= 0.5 , r1_reg= 3 , r2_reg = 3 )
Error =  1.00107  (for ALS with  40 iterations, std_init = 0.5 , k= 8 , r0_reg= 2 , r1_reg= 2 , r2_reg = 2 )
Error =  0.999736  (for ALS with  40 iterations, std_init = 0.5 , k= 8 , r0_reg= 2 , r1_reg= 2 , r2_reg = 3 )
Error =  1.00223  (for ALS with  40 iterations, std_init = 0.5 , k= 8 , r0_reg= 2 , r1_reg= 3 , r2_reg = 2 )
Error =  0.998784  (for ALS with  40 iterations, std_init = 0.5 , k= 8 , r0_reg= 2 , r1_reg= 3 , r2_reg = 3 )
Error =  0.995872  (for ALS with  40 iterations, std_init = 1 , k= 7 , r0_reg= 0.5 , r1_reg= 2 , r2_reg = 2 )
Error =  0.994387  (for ALS with  40 iterations, std_init = 1 , k= 7 , r0_reg= 0.5 , r1_reg= 2 , r2_reg = 3 )
Error =  0.996878  (for ALS with  40 iterations, std_init = 1 , k= 7 , r0_reg= 0.5 , r1_reg= 3 , r2_reg = 2 )
Error =  0.994339  (for ALS with  40 iterations, std_init = 1 , k= 7 , r0_reg= 0.5 , r1_reg= 3 , r2_reg = 3 )
Error =  0.994888  (for ALS with  40 iterations, std_init = 1 , k= 7 , r0_reg= 2 , r1_reg= 2 , r2_reg = 2 )
Error =  0.993963  (for ALS with  40 iterations, std_init = 1 , k= 7 , r0_reg= 2 , r1_reg= 2 , r2_reg = 3 )
Error =  0.999835  (for ALS with  40 iterations, std_init = 1 , k= 7 , r0_reg= 2 , r1_reg= 3 , r2_reg = 2 )
Error =  0.994507  (for ALS with  40 iterations, std_init = 1 , k= 7 , r0_reg= 2 , r1_reg= 3 , r2_reg = 3 )
Error =  1.00085  (for ALS with  40 iterations, std_init = 1 , k= 8 , r0_reg= 0.5 , r1_reg= 2 , r2_reg = 2 )
Error =  0.995726  (for ALS with  40 iterations, std_init = 1 , k= 8 , r0_reg= 0.5 , r1_reg= 2 , r2_reg = 3 )
Error =  0.999996  (for ALS with  40 iterations, std_init = 1 , k= 8 , r0_reg= 0.5 , r1_reg= 3 , r2_reg = 2 )
Error =  0.997715  (for ALS with  40 iterations, std_init = 1 , k= 8 , r0_reg= 0.5 , r1_reg= 3 , r2_reg = 3 )
Error =  1.0026  (for ALS with  40 iterations, std_init = 1 , k= 8 , r0_reg= 2 , r1_reg= 2 , r2_reg = 2 )
Error =  0.996009  (for ALS with  40 iterations, std_init = 1 , k= 8 , r0_reg= 2 , r1_reg= 2 , r2_reg = 3 )
Error =  1.00066  (for ALS with  40 iterations, std_init = 1 , k= 8 , r0_reg= 2 , r1_reg= 3 , r2_reg = 2 )
Error =  0.997586  (for ALS with  40 iterations, std_init = 1 , k= 8 , r0_reg= 2 , r1_reg= 3 , r2_reg = 3 )

```
features_te, target_te, features_tr, target_tr =  df_to_sparse_split(df_load("data_train.csv"),0.1)
best_error, best_std, best_rank, best_r0, best_r1, best_r2 = ALS_CV(features_tr, target_tr, features_te, target_te,
        num_iter = 40, std_init_vec=[0.5,0.75], rank_vec=[7,8], r0_reg_vec=[0.1, 0.5], r1_reg_vec=[3,4],r2_reg_vec=[3,4])
```

features_te, target_te, features_tr, target_tr =  df_to_sparse_split(df_load("data_train.csv"),0.1)

best_error, best_std, best_rank, best_r0, best_r1, best_r2 = ALS_CV(features_tr, target_tr, features_te, target_te,

        num_iter = 40, std_init_vec=[0.625,0.875], rank_vec=[7], r0_reg_vec=[0.5], r1_reg_vec=[5,10],r2_reg_vec=[5,10s])

Error =  0.995422  (for ALS with  40 iterations, std_init = 0.5 , k= 7 , r0_reg= 0.1 , r1_reg= 3 , r2_reg = 3 )
Error =  0.993248  (for ALS with  40 iterations, std_init = 0.5 , k= 7 , r0_reg= 0.1 , r1_reg= 3 , r2_reg = 4 )
Error =  0.994822  (for ALS with  40 iterations, std_init = 0.5 , k= 7 , r0_reg= 0.1 , r1_reg= 4 , r2_reg = 3 )
Error =  0.993868  (for ALS with  40 iterations, std_init = 0.5 , k= 7 , r0_reg= 0.1 , r1_reg= 4 , r2_reg = 4 )
Error =  0.994468  (for ALS with  40 iterations, std_init = 0.5 , k= 7 , r0_reg= 0.5 , r1_reg= 3 , r2_reg = 3 )
Error =  0.992098  (for ALS with  40 iterations, std_init = 0.5 , k= 7 , r0_reg= 0.5 , r1_reg= 3 , r2_reg = 4 )
Error =  0.9971  (for ALS with  40 iterations, std_init = 0.5 , k= 7 , r0_reg= 0.5 , r1_reg= 4 , r2_reg = 3 )
Error =  0.991984  (for ALS with  40 iterations, std_init = 0.5 , k= 7 , r0_reg= 0.5 , r1_reg= 4 , r2_reg = 4 )
Error =  0.999445  (for ALS with  40 iterations, std_init = 0.5 , k= 8 , r0_reg= 0.1 , r1_reg= 3 , r2_reg = 3 )
Error =  0.995974  (for ALS with  40 iterations, std_init = 0.5 , k= 8 , r0_reg= 0.1 , r1_reg= 3 , r2_reg = 4 )
Error =  0.997212  (for ALS with  40 iterations, std_init = 0.5 , k= 8 , r0_reg= 0.1 , r1_reg= 4 , r2_reg = 3 )
Error =  0.996904  (for ALS with  40 iterations, std_init = 0.5 , k= 8 , r0_reg= 0.1 , r1_reg= 4 , r2_reg = 4 )
Error =  0.99732  (for ALS with  40 iterations, std_init = 0.5 , k= 8 , r0_reg= 0.5 , r1_reg= 3 , r2_reg = 3 )
Error =  0.998658  (for ALS with  40 iterations, std_init = 0.5 , k= 8 , r0_reg= 0.5 , r1_reg= 3 , r2_reg = 4 )
Error =  0.999252  (for ALS with  40 iterations, std_init = 0.5 , k= 8 , r0_reg= 0.5 , r1_reg= 4 , r2_reg = 3 )
Error =  0.997376  (for ALS with  40 iterations, std_init = 0.5 , k= 8 , r0_reg= 0.5 , r1_reg= 4 , r2_reg = 4 )
Error =  0.9936  (for ALS with  40 iterations, std_init = 0.75 , k= 7 , r0_reg= 0.1 , r1_reg= 3 , r2_reg = 3 )
Error =  0.994191  (for ALS with  40 iterations, std_init = 0.75 , k= 7 , r0_reg= 0.1 , r1_reg= 3 , r2_reg = 4 )
Error =  0.99362  (for ALS with  40 iterations, std_init = 0.75 , k= 7 , r0_reg= 0.1 , r1_reg= 4 , r2_reg = 3 )
Error =  0.992497  (for ALS with  40 iterations, std_init = 0.75 , k= 7 , r0_reg= 0.1 , r1_reg= 4 , r2_reg = 4 )
Error =  0.993445  (for ALS with  40 iterations, std_init = 0.75 , k= 7 , r0_reg= 0.5 , r1_reg= 3 , r2_reg = 3 )
Error =  0.991102  (for ALS with  40 iterations, std_init = 0.75 , k= 7 , r0_reg= 0.5 , r1_reg= 3 , r2_reg = 4 )
Error =  0.993297  (for ALS with  40 iterations, std_init = 0.75 , k= 7 , r0_reg= 0.5 , r1_reg= 4 , r2_reg = 3 )
Error =  0.990866  (for ALS with  40 iterations, std_init = 0.75 , k= 7 , r0_reg= 0.5 , r1_reg= 4 , r2_reg = 4 )
Error =  0.996669  (for ALS with  40 iterations, std_init = 0.75 , k= 8 , r0_reg= 0.1 , r1_reg= 3 , r2_reg = 3 )
Error =  0.996476  (for ALS with  40 iterations, std_init = 0.75 , k= 8 , r0_reg= 0.1 , r1_reg= 3 , r2_reg = 4 )
Error =  0.99548  (for ALS with  40 iterations, std_init = 0.75 , k= 8 , r0_reg= 0.1 , r1_reg= 4 , r2_reg = 3 )
Error =  0.995318  (for ALS with  40 iterations, std_init = 0.75 , k= 8 , r0_reg= 0.1 , r1_reg= 4 , r2_reg = 4 )
Error =  0.99446  (for ALS with  40 iterations, std_init = 0.75 , k= 8 , r0_reg= 0.5 , r1_reg= 3 , r2_reg = 3 )
Error =  0.99283  (for ALS with  40 iterations, std_init = 0.75 , k= 8 , r0_reg= 0.5 , r1_reg= 3 , r2_reg = 4 )
Error =  0.996233  (for ALS with  40 iterations, std_init = 0.75 , k= 8 , r0_reg= 0.5 , r1_reg= 4 , r2_reg = 3 )
Error =  0.994676  (for ALS with  40 iterations, std_init = 0.75 , k= 8 , r0_reg= 0.5 , r1_reg= 4 , r2_reg = 4 )


```
best_error, best_std, best_rank, best_r0, best_r1, best_r2 = ALS_CV(features_tr, target_tr, features_te, target_te,
        num_iter = 40, std_init_vec=[0.625,0.875], rank_vec=[7], r0_reg_vec=[0.5], r1_reg_vec=[5,10],r2_reg_vec=[5,10])
```

Error =  0.99263  (for ALS with  40 iterations, std_init = 0.625 , k= 7 , r0_reg= 0.5 , r1_reg= 5 , r2_reg = 5 )
Error =  0.988086  (for ALS with  40 iterations, std_init = 0.625 , k= 7 , r0_reg= 0.5 , r1_reg= 5 , r2_reg = 10 )
Error =  0.992682  (for ALS with  40 iterations, std_init = 0.625 , k= 7 , r0_reg= 0.5 , r1_reg= 10 , r2_reg = 5 )
Error =  0.988879  (for ALS with  40 iterations, std_init = 0.625 , k= 7 , r0_reg= 0.5 , r1_reg= 10 , r2_reg = 10 )
Error =  0.991826  (for ALS with  40 iterations, std_init = 0.875 , k= 7 , r0_reg= 0.5 , r1_reg= 5 , r2_reg = 5 )
Error =  0.987863  (for ALS with  40 iterations, std_init = 0.875 , k= 7 , r0_reg= 0.5 , r1_reg= 5 , r2_reg = 10 )
Error =  0.991651  (for ALS with  40 iterations, std_init = 0.875 , k= 7 , r0_reg= 0.5 , r1_reg= 10 , r2_reg = 5 )
Error =  0.987249  (for ALS with  40 iterations, std_init = 0.875 , k= 7 , r0_reg= 0.5 , r1_reg= 10 , r2_reg = 10 )

```
best_error, best_std, best_rank, best_r0, best_r1, best_r2 = ALS_CV(features_tr, target_tr, features_te, target_te,
        num_iter = 40, std_init_vec=[0.375,0.625], rank_vec=[7], r0_reg_vec=[0.5], r1_reg_vec=[15,25],r2_reg_vec=[15,25])
```

Error =  0.985371  (for ALS with  40 iterations, std_init = 0.375 , k= 7 , r0_reg= 0.5 , r1_reg= 15 , r2_reg = 15 )
Error =  0.981908  (for ALS with  40 iterations, std_init = 0.375 , k= 7 , r0_reg= 0.5 , r1_reg= 15 , r2_reg = 25 )
Error =  0.984711  (for ALS with  40 iterations, std_init = 0.375 , k= 7 , r0_reg= 0.5 , r1_reg= 25 , r2_reg = 15 )
Error =  0.982712  (for ALS with  40 iterations, std_init = 0.375 , k= 7 , r0_reg= 0.5 , r1_reg= 25 , r2_reg = 25 )
Error =  0.984594  (for ALS with  40 iterations, std_init = 0.625 , k= 7 , r0_reg= 0.5 , r1_reg= 15 , r2_reg = 15 )
Error =  0.982918  (for ALS with  40 iterations, std_init = 0.625 , k= 7 , r0_reg= 0.5 , r1_reg= 15 , r2_reg = 25 )
Error =  0.984614  (for ALS with  40 iterations, std_init = 0.625 , k= 7 , r0_reg= 0.5 , r1_reg= 25 , r2_reg = 15 )
Error =  0.983041  (for ALS with  40 iterations, std_init = 0.625 , k= 7 , r0_reg= 0.5 , r1_reg= 25 , r2_reg = 25 )


```
best_error, best_std, best_rank, best_r0, best_r1, best_r2 = ALS_CV(features_tr, target_tr, features_te, target_te,
        num_iter = 40, std_init_vec=[0.375,0.43], rank_vec=[7], r0_reg_vec=[0.5], r1_reg_vec=[15,20],r2_reg_vec=[20,25])
```
Error =  0.981503  (for ALS with  40 iterations, std_init = 0.375 , k= 7 , r0_reg= 0.5 , r1_reg= 15 , r2_reg = 20 )
Error =  0.980592  (for ALS with  40 iterations, std_init = 0.375 , k= 7 , r0_reg= 0.5 , r1_reg= 15 , r2_reg = 25 )
Error =  0.980815  (for ALS with  40 iterations, std_init = 0.375 , k= 7 , r0_reg= 0.5 , r1_reg= 15 , r2_reg = 30 )
Error =  0.981105  (for ALS with  40 iterations, std_init = 0.375 , k= 7 , r0_reg= 0.5 , r1_reg= 20 , r2_reg = 20 )
Error =  0.979947  (for ALS with  40 iterations, std_init = 0.375 , k= 7 , r0_reg= 0.5 , r1_reg= 20 , r2_reg = 25 )
Error =  0.980886  (for ALS with  40 iterations, std_init = 0.375 , k= 7 , r0_reg= 0.5 , r1_reg= 20 , r2_reg = 30 )
Error =  0.980865  (for ALS with  40 iterations, std_init = 0.5 , k= 7 , r0_reg= 0.5 , r1_reg= 15 , r2_reg = 20 )
Error =  0.980763  (for ALS with  40 iterations, std_init = 0.5 , k= 7 , r0_reg= 0.5 , r1_reg= 15 , r2_reg = 25 )
Error =  0.981514  (for ALS with  40 iterations, std_init = 0.5 , k= 7 , r0_reg= 0.5 , r1_reg= 15 , r2_reg = 30 )
Error =  0.980938  (for ALS with  40 iterations, std_init = 0.5 , k= 7 , r0_reg= 0.5 , r1_reg= 20 , r2_reg = 20 )
Error =  0.980346  (for ALS with  40 iterations, std_init = 0.5 , k= 7 , r0_reg= 0.5 , r1_reg= 20 , r2_reg = 25 )
Error =  0.981256  (for ALS with  40 iterations, std_init = 0.5 , k= 7 , r0_reg= 0.5 , r1_reg= 20 , r2_reg = 30 )



```
features_te, target_te, features_tr, target_tr =  df_to_sparse_split(df_load("data_train.csv"),0.1)
MCMC_CV(features_tr, target_tr, features_te, target_te, num_iter = 60, std_init_vec = [0.001,0.01,0.1,1,10])
```

- Error =  0.997451  (for MCMC with  60 iterations, std_init = 0.001 )
- Error =  0.997481  (for MCMC with  60 iterations, std_init = 0.01 )
- Error =  0.992252  (for MCMC with  60 iterations, std_init = 0.1 )
- Error =  0.977644  (for MCMC with  60 iterations, std_init = 1 )
- Error =  1.02253  (for MCMC with  60 iterations, std_init = 10 )

```
features_te, target_te, features_tr, target_tr =  df_to_sparse_split(df_load("data_train.csv"),0.1)
MCMC_CV(features_tr, target_tr, features_te, target_te, num_iter = 60, std_init_vec = [0.5,0.8,1,1.5,2,5])
```

- Error =  0.979054  (for MCMC with  60 iterations, std_init = 0.5 )
- Error =  0.979325  (for MCMC with  60 iterations, std_init = 0.8 )
- Error =  0.978956  (for MCMC with  60 iterations, std_init = 1 )
- Error =  0.979788  (for MCMC with  60 iterations, std_init = 1.5 )
- Error =  0.986542  (for MCMC with  60 iterations, std_init = 2 )
- Error =  1.01712  (for MCMC with  60 iterations, std_init = 5 )


